[18:54:37.151][INFO]: Successfully injected RecipeFS file system
[18:54:37.175][INFO]: Successfully identified and loaded plugin crafttweaker:builtin
[18:54:37.176][INFO]: Successfully identified and loaded plugin crafttweaker:builtin_forge
[18:54:37.178][INFO]: Successfully identified and loaded plugin farmersdelight:crafttweaker_plugin
[18:54:37.601][INFO]: The following mods have explicit CraftTweaker support through the default plugin:
[18:54:37.603][INFO]: - 'aether' at version '1.19.2-1.4.2-forge'
[18:54:37.603][INFO]: - 'aquaculture' at version '1.19.2-2.4.17'
[18:54:37.603][INFO]: - 'crafttweaker' at version '10.1.56'
[18:54:37.603][INFO]: - 'farmersdelight' at version '1.19.2-1.2.4'
[18:54:37.603][INFO]: - 'gamestages' at version '11.1.4'
[18:54:37.603][INFO]: - 'itemstages' at version '5.1.4'
[18:54:49.724][INFO]: Started loading scripts for loader 'initialize'
[18:54:50.569][INFO]: Compiling and executing scripts
[18:54:50.766][INFO]: Successfully initialized modules [crafttweaker, expansions]
[18:54:51.150][INFO]: Execution for loader 'initialize' completed successfully
[18:55:05.543][INFO]: Started loading scripts for loader 'tags'
[18:55:05.576][INFO]: Compiling and executing scripts
[18:55:05.598][INFO]: Successfully initialized modules [crafttweaker, expansions]
[18:55:05.611][INFO]: Execution for loader 'tags' completed successfully
[18:55:13.103][INFO]: Started loading scripts for loader 'crafttweaker'
[18:55:13.130][INFO]: Compiling and executing scripts
[18:55:13.646][INFO]: Successfully initialized modules [mods, crafttweaker, expansions]
[18:55:13.649][INFO]: Loading file 'Cisco.zs' with priority 0
[18:55:13.679][INFO]: Hello world!
[18:55:13.683][INFO]: Adding 'minecraft:smithing' recipe, with name: 'crafttweaker:dreadsteel_chestplate' that outputs: '<item:dreadsteel:dreadsteel_chestplate>'
[18:55:13.683][INFO]: Adding 'minecraft:smithing' recipe, with name: 'crafttweaker:dreadsteel_helmet' that outputs: '<item:dreadsteel:dreadsteel_helmet>'
[18:55:13.683][INFO]: Adding 'minecraft:smithing' recipe, with name: 'crafttweaker:dreadsteel_boots' that outputs: '<item:dreadsteel:dreadsteel_boots>'
[18:55:13.684][INFO]: Adding 'minecraft:smithing' recipe, with name: 'crafttweaker:dreadsteel_leggings' that outputs: '<item:dreadsteel:dreadsteel_leggings>'
[18:55:13.684][INFO]: Adding 'minecraft:crafting' recipe, of type: "shapeless", with name: 'crafttweaker:dreadsteel_ingot_recipe' that outputs: '<item:dreadsteel:dreadsteel_ingot>'
[18:55:13.684][INFO]: Adding 'minecraft:crafting' recipe, of type: "shapeless", with name: 'crafttweaker:dreadsteel_scythe_recipe' that outputs: '<item:dreadsteel:dreadsteel_scythe>'
[18:55:13.685][INFO]: Adding 'minecraft:crafting' recipe, of type: "shapeless", with name: 'crafttweaker:dreadsteel_shield_recipe' that outputs: '<item:dreadsteel:dreadsteel_shield>'
[18:55:13.685][INFO]: Removing "minecraft:crafting" recipes with modid: "dreadsteel"
[18:55:13.687][INFO]: Adding 'minecraft:crafting' recipe, of type: "shapeless", with name: 'crafttweaker:amnesia_scroll' that outputs: '<item:skilltree:amnesia_scroll>'
[18:55:13.687][INFO]: Adding 'minecraft:crafting' recipe, of type: "shapeless", with name: 'crafttweaker:true_dragons_breath' that outputs: '<item:cisco_mod:true_dragons_breath>'
[18:55:13.690][INFO]: Adding 'minecraft:crafting' recipe, of type: "shapeless", with name: 'crafttweaker:rogue_eye' that outputs: '<item:endrem:rogue_eye>.withTag({Damage: 0})'
[18:55:13.690][INFO]: Adding 'minecraft:crafting' recipe, of type: "shapeless", with name: 'crafttweaker:undead_soul' that outputs: '<item:endrem:undead_soul>'
[18:55:13.690][INFO]: Adding 'minecraft:crafting' recipe, of type: "shapeless", with name: 'crafttweaker:demonium_ingot_recipe' that outputs: '<item:cisco_mod:demonium_ingot>'
[18:55:13.690][INFO]: Adding 'minecraft:crafting' recipe, of type: "shapeless", with name: 'crafttweaker:frigidium_ingot_recipe' that outputs: '<item:cisco_mod:frigidiumingot>'
[18:55:13.690][INFO]: Execution for loader 'crafttweaker' completed successfully
[18:55:13.692][INFO]: This reload was made possible by embeddedt and more! Become a patron at https://patreon.com/jaredlll08?s=crtmod
