[07Sep2025 00:02:47.022] [Netty Epoll Server IO #7/INFO] [com.teampotato.redirector.Redirector/]: Redirecting net/minecraftforge/network/ConnectionType
[07Sep2025 00:02:47.213] [Netty Epoll Server IO #7/INFO] [com.teampotato.redirector.Redirector/]: Redirecting net/minecraft/server/network/ServerLoginPacketListenerImpl$State
[07Sep2025 00:02:57.843] [Netty Epoll Server IO #7/INFO] [Calio/]: Received acknowledgment for login packet with id 210
[07Sep2025 00:02:57.889] [Netty Epoll Server IO #7/INFO] [Calio/]: Received acknowledgment for login packet with id 211
[07Sep2025 00:02:57.937] [Netty Epoll Server IO #7/INFO] [Calio/]: Received acknowledgment for login packet with id 212
[07Sep2025 00:02:57.988] [Netty Epoll Server IO #7/INFO] [Calio/]: Received acknowledgment for login packet with id 213
[07Sep2025 00:02:58.040] [Netty Epoll Server IO #7/INFO] [Calio/]: Received acknowledgment for login packet with id 214
[07Sep2025 00:02:58.091] [Netty Epoll Server IO #7/INFO] [Calio/]: Received acknowledgment for login packet with id 215
[07Sep2025 00:02:58.144] [Netty Epoll Server IO #7/INFO] [Calio/]: Received acknowledgment for login packet with id 216
[07Sep2025 00:02:58.190] [Netty Epoll Server IO #7/INFO] [Calio/]: Received acknowledgment for login packet with id 217
[07Sep2025 00:02:58.240] [Netty Epoll Server IO #7/INFO] [Calio/]: Received acknowledgment for login packet with id 218
[07Sep2025 00:02:58.288] [Netty Epoll Server IO #7/INFO] [Calio/]: Received acknowledgment for login packet with id 219
[07Sep2025 00:02:58.341] [Netty Epoll Server IO #7/INFO] [Calio/]: Received acknowledgment for login packet with id 220
[07Sep2025 00:02:58.389] [Netty Epoll Server IO #7/INFO] [Calio/]: Received acknowledgment for login packet with id 221
[07Sep2025 00:02:58.795] [Netty Epoll Server IO #7/INFO] [Calio/]: Received acknowledgment for login packet with id 222
[07Sep2025 00:02:58.809] [Netty Epoll Server IO #7/INFO] [Calio/]: Received acknowledgment for login packet with id 223
[07Sep2025 00:02:58.828] [Netty Epoll Server IO #7/INFO] [Calio/]: Received acknowledgment for login packet with id 224
[07Sep2025 00:02:58.914] [Netty Epoll Server IO #7/INFO] [com.teampotato.redirector.Redirector/]: Redirecting com/velocitypowered/natives/util/NativeCodeLoader$Status
[07Sep2025 00:02:58.921] [Netty Epoll Server IO #7/INFO] [com.teampotato.redirector.Redirector/]: Redirecting com/velocitypowered/natives/util/BufferPreference
[07Sep2025 00:02:59.026] [Server thread/INFO] [net.minecraftforge.common.AdvancementLoadFix/]: Using new advancement loading for net.minecraft.server.PlayerAdvancements@1c91ac44
[07Sep2025 00:02:59.156] [Server thread/INFO] [com.teampotato.redirector.Redirector/]: Redirecting io/redspace/ironsspellbooks/player/SpinAttackType
[07Sep2025 00:02:59.213] [Server thread/INFO] [net.minecraft.server.players.PlayerList/]: Adonis_MB[/127.136.112.136:34621] logged in with entity id 3 at (-723.056009843061, 56.0, -1132.7488608810695)
[07Sep2025 00:02:59.222] [Server thread/INFO] [com.teampotato.redirector.Redirector/]: Redirecting net/minecraftforge/network/filters/VanillaPacketSplitter$RemoteCompatibility
[07Sep2025 00:02:59.230] [Server thread/INFO] [com.teampotato.redirector.Redirector/]: Redirecting com/github/L_Ender/cataclysm/entity/AnimationMonster/BossMonsters/Ancient_Ancient_Remnant_Entity$AttackMode
[07Sep2025 00:02:59.239] [Server thread/INFO] [com.teampotato.redirector.Redirector/]: Redirecting com/github/L_Ender/cataclysm/entity/Pet/Modern_Remnant_Entity$AttackMode
[07Sep2025 00:02:59.240] [Server thread/INFO] [com.teampotato.redirector.Redirector/]: Redirecting com/legacy/blue_skies/entities/util/base/SkiesIllagerBossEntity$BossSpellColor
[07Sep2025 00:02:59.242] [Server thread/INFO] [com.teampotato.redirector.Redirector/]: Redirecting com/github/L_Ender/cataclysm/entity/AnimationMonster/BossMonsters/The_Leviathan/The_Leviathan_Entity$AttackMode
[07Sep2025 00:02:59.244] [Server thread/INFO] [com.teampotato.redirector.Redirector/]: Redirecting com/github/L_Ender/cataclysm/entity/InternalAnimationMonster/IABossMonsters/Ancient_Remnant/Ancient_Remnant_Entity$AttackMode
[07Sep2025 00:02:59.245] [Server thread/INFO] [com.teampotato.redirector.Redirector/]: Redirecting com/hollingsworth/arsnouveau/common/entity/Starbuncle$StarbuncleGoalState
[07Sep2025 00:02:59.246] [Server thread/INFO] [com.teampotato.redirector.Redirector/]: Redirecting com/github/L_Ender/cataclysm/entity/AnimationMonster/BossMonsters/Nameless_Sorcerer_Entity$SpellType
[07Sep2025 00:02:59.248] [Server thread/INFO] [com.teampotato.redirector.Redirector/]: Redirecting com/github/alexthe666/alexsmobs/entity/EntityMimicOctopus$MimicState
[07Sep2025 00:02:59.248] [Server thread/INFO] [com.teampotato.redirector.Redirector/]: Redirecting com/hollingsworth/arsnouveau/common/entity/AmethystGolem$AmethystGolemGoalState
[07Sep2025 00:02:59.252] [Server thread/INFO] [com.teampotato.redirector.Redirector/]: Redirecting com/bobmowzie/mowziesmobs/server/entity/grottol/EntityGrottol$EnumDeathType
[07Sep2025 00:02:59.253] [Server thread/INFO] [com.teampotato.redirector.Redirector/]: Redirecting com/github/L_Ender/cataclysm/entity/Pet/The_Baby_Leviathan_Entity$AttackMode
[07Sep2025 00:02:59.255] [Server thread/INFO] [com.teampotato.redirector.Redirector/]: Redirecting com/bobmowzie/mowziesmobs/server/entity/naga/EntityNaga$EnumNagaMovement
[07Sep2025 00:02:59.257] [Server thread/INFO] [com.teampotato.redirector.Redirector/]: Redirecting net/minecraft/world/entity/monster/SpellcasterIllager$IllagerSpell
[07Sep2025 00:02:59.258] [Server thread/INFO] [com.teampotato.redirector.Redirector/]: Redirecting twilightforest/entity/boss/KnightPhantom$Formation
[07Sep2025 00:02:59.263] [Server thread/INFO] [com.teampotato.redirector.Redirector/]: Redirecting net/mehvahdjukaar/dummmmmmy/common/DummyMobType
[07Sep2025 00:02:59.374] [Server thread/INFO] [ModdingLegacy/blue_skies/]: Sending ToolHandleTypeManager to Adonis_MB
[07Sep2025 00:02:59.376] [Server thread/INFO] [ModdingLegacy/blue_skies/]: Sending SnowcapOvenFreezingManager to Adonis_MB
[07Sep2025 00:02:59.378] [Server thread/INFO] [ModdingLegacy/blue_skies/]: Sending HorizoniteForgeFuelManager to Adonis_MB
[07Sep2025 00:02:59.379] [Server thread/INFO] [ModdingLegacy/blue_skies/]: Sending AlchemyRecipeManager to Adonis_MB
[07Sep2025 00:02:59.396] [Server thread/INFO] [ModdingLegacy/blue_skies/]: Sending JournalEntryManager to Adonis_MB
[07Sep2025 00:02:59.398] [Server thread/INFO] [ModdingLegacy/blue_skies/]: Sending JournalSectionManager to Adonis_MB
[07Sep2025 00:02:59.398] [Server thread/INFO] [ModdingLegacy/blue_skies/]: Sending JournalRequirementManager to Adonis_MB
[07Sep2025 00:02:59.588] [Server thread/INFO] [net.minecraft.server.MinecraftServer/]: Adonis_MB joined the game
[07Sep2025 00:02:59.590] [Server thread/INFO] [com.teampotato.redirector.Redirector/]: Redirecting net/minecraft/network/protocol/game/ClientboundPlayerPositionPacket$RelativeArgument
[07Sep2025 00:02:59.597] [Server thread/INFO] [com.teampotato.redirector.Redirector/]: Redirecting com/bobmowzie/mowziesmobs/server/ability/AbilityHandler
[07Sep2025 00:02:59.612] [Server thread/INFO] [com.teampotato.redirector.Redirector/]: Redirecting com/bobmowzie/mowziesmobs/server/ability/AbilitySection$AbilitySectionType
[07Sep2025 00:02:59.659] [Server thread/INFO] [com.teampotato.redirector.Redirector/]: Redirecting net/minecraftforge/event/entity/player/AdvancementEvent$AdvancementProgressEvent$ProgressType
[07Sep2025 00:02:59.664] [Server thread/INFO] [com.teampotato.redirector.Redirector/]: Redirecting net/minecraft/server/commands/AdvancementCommands$Action
[07Sep2025 00:02:59.806] [Server thread/WARN] [solapplepie/]: Invalid attribute specified in config: generic.speed
[07Sep2025 00:02:59.839] [Server thread/INFO] [Jade/]: Syncing config to Adonis_MB (0c47ee53-75ea-342c-8049-2d85cd2e7875)
[07Sep2025 00:02:59.867] [Server thread/INFO] [Enigmatic Legacy/INFO]: Synchronizing omniconfig files to Adonis_MB...
[07Sep2025 00:02:59.868] [Server thread/INFO] [Enigmatic Legacy/INFO]: Sending data for enigmaticlegacy-common.omniconf
[07Sep2025 00:02:59.870] [Server thread/INFO] [Enigmatic Legacy/INFO]: Granting starter gear to Adonis_MB
[07Sep2025 00:02:59.976] [Server thread/INFO] [mixin/]: Mixing MixinEnchantmentHelper from enigmaticlegacy.mixins.json into net.minecraft.world.item.enchantment.EnchantmentHelper
[07Sep2025 00:03:00.380] [Server thread/INFO] [com.teampotato.redirector.Redirector/]: Redirecting com/aetherteam/nitrogen/capability/INBTSynchable$Direction
[07Sep2025 00:03:00.392] [Server thread/INFO] [Enigmatic Legacy/INFO]: Blue Skies detected: true
[07Sep2025 00:03:00.412] [Server thread/INFO] [com.teampotato.redirector.Redirector/]: Redirecting net/p3pp3rf1y/sophisticatedcore/renderdata/TankPosition
[07Sep2025 00:03:00.439] [Server thread/INFO] [com.teampotato.redirector.Redirector/]: Redirecting net/p3pp3rf1y/sophisticatedcore/upgrades/PrimaryMatch
[07Sep2025 00:03:00.515] [dimthread_server_overworld/INFO] [com.teampotato.redirector.Redirector/]: Redirecting net/minecraft/world/level/border/BorderStatus
[07Sep2025 00:03:00.558] [Server thread/INFO] [com.teampotato.redirector.Redirector/]: Redirecting software/bernie/geckolib3/core/builder/ILoopType$EDefaultLoopTypes
[07Sep2025 00:03:00.563] [Server thread/INFO] [com.teampotato.redirector.Redirector/]: Redirecting software/bernie/geckolib3/core/PlayState
[07Sep2025 00:03:00.564] [Server thread/INFO] [com.teampotato.redirector.Redirector/]: Redirecting software/bernie/geckolib3/core/AnimationState
[07Sep2025 00:03:00.564] [Server thread/INFO] [com.teampotato.redirector.Redirector/]: Redirecting software/bernie/geckolib3/core/easing/EasingType
[07Sep2025 00:03:00.684] [dimthread_server_overworld/INFO] [com.teampotato.redirector.Redirector/]: Redirecting net/minecraft/world/level/chunk/LevelChunk$EntityCreationType
[07Sep2025 00:03:00.766] [dimthread_server_overworld/INFO] [com.teampotato.redirector.Redirector/]: Redirecting net/minecraft/world/level/block/DoubleBlockCombiner$BlockType
[07Sep2025 00:03:00.776] [dimthread_server_overworld/INFO] [com.teampotato.redirector.Redirector/]: Redirecting net/minecraft/world/entity/ai/memory/MemoryStatus
[07Sep2025 00:03:00.777] [dimthread_server_overworld/INFO] [com.teampotato.redirector.Redirector/]: Redirecting net/minecraft/world/entity/ai/behavior/Behavior$Status
[07Sep2025 00:03:00.785] [dimthread_server_overworld/INFO] [com.teampotato.redirector.Redirector/]: Redirecting net/minecraft/world/entity/ai/behavior/GateBehavior$OrderPolicy
[07Sep2025 00:03:00.786] [dimthread_server_overworld/INFO] [com.teampotato.redirector.Redirector/]: Redirecting net/minecraft/world/entity/ai/behavior/GateBehavior$RunningPolicy
[07Sep2025 00:03:01.036] [dimthread_server_overworld/INFO] [com.teampotato.redirector.Redirector/]: Redirecting net/minecraft/world/entity/ai/gossip/GossipType
[07Sep2025 00:03:01.195] [dimthread_server_overworld/WARN] [net.minecraft.world.level.chunk.LevelChunk/]: Block entity sophisticatedbackpacks:backpack @ BlockPos{x=-723, y=56, z=-1131} state Block{sophisticatedbackpacks:copper_backpack}[battery=false,facing=south,left_tank=false,right_tank=false,waterlogged=false] invalid for ticking:
[07Sep2025 00:03:01.245] [dimthread_server_overworld/INFO] [com.teampotato.redirector.Redirector/]: Redirecting net/minecraft/util/profiling/metrics/MetricCategory
[07Sep2025 00:03:01.261] [Netty Epoll Server IO #7/INFO] [com.teampotato.redirector.Redirector/]: Redirecting net/minecraftforge/network/NetworkEvent$RegistrationChangeType
[07Sep2025 00:03:02.302] [dimthread_server_overworld/INFO] [com.teampotato.redirector.Redirector/]: Redirecting shadows/apotheosis/ench/table/ApothEnchantmentMenu$Arcana
[07Sep2025 00:03:02.772] [dimthread_server_overworld/INFO] [com.teampotato.redirector.Redirector/]: Redirecting com/github/alexthe666/citadel/animation/AnimationHandler
[07Sep2025 00:03:04.041] [dimthread_server_overworld/INFO] [com.teampotato.redirector.Redirector/]: Redirecting net/minecraftforge/event/entity/living/LivingChangeTargetEvent$LivingTargetType
[07Sep2025 00:03:09.429] [Server thread/INFO] [com.teampotato.redirector.Redirector/]: Redirecting net/minecraft/world/entity/ai/goal/RangedCrossbowAttackGoal$CrossbowState
[07Sep2025 00:03:09.479] [dimthread_server_overworld/INFO] [com.teampotato.redirector.Redirector/]: Redirecting com/teamabnormals/savage_and_ravage/common/entity/ai/goal/ImprovedCrossbowGoal$CrossbowState
[07Sep2025 00:04:22.383] [Server thread/INFO] [com.teampotato.redirector.Redirector/]: Redirecting com/tom/storagemod/gui/StorageTerminalMenu$SlotAction
[07Sep2025 00:04:44.715] [Server thread/INFO] [com.teampotato.redirector.Redirector/]: Redirecting net/p3pp3rf1y/sophisticatedbackpacks/common/gui/BackpackContext$ContextType
[07Sep2025 00:04:45.748] [Server thread/INFO] [com.teampotato.redirector.Redirector/]: Redirecting net/p3pp3rf1y/sophisticatedbackpacks/upgrades/deposit/DepositFilterType
[07Sep2025 00:04:45.756] [Server thread/INFO] [com.teampotato.redirector.Redirector/]: Redirecting net/p3pp3rf1y/sophisticatedcore/upgrades/ContentsFilterType
[07Sep2025 00:06:15.448] [Server thread/INFO] [net.minecraft.server.MinecraftServer/]: Adonis_MB has made the advancement [Welcome To The Jungle]
[07Sep2025 00:06:25.129] [Server thread/INFO] [net.minecraft.server.MinecraftServer/]: Adonis_MB has made the advancement [The Mirror Of The Soul]
[07Sep2025 00:24:35.108] [dimthread_server_overworld/INFO] [com.teampotato.redirector.Redirector/]: Redirecting net/minecraft/world/entity/monster/AbstractIllager$IllagerArmPose
[07Sep2025 00:36:11.590] [Server thread/INFO] [mixin/]: Mixing MixinPiglinTasks from enigmaticlegacy.mixins.json into net.minecraft.world.entity.monster.piglin.PiglinAi
[07Sep2025 00:36:11.590] [Server thread/INFO] [mixin/]: Renaming synthetic method lambda$onPiglinBarter$0(Ljava/util/List;Lnet/minecraft/world/item/ItemStack;)V to md5dbc5e$lambda$onPiglinBarter$0$2 in enigmaticlegacy.mixins.json:MixinPiglinTasks
[07Sep2025 00:39:58.886] [Netty Epoll Server IO #7/INFO] [com.teampotato.redirector.Redirector/]: Redirecting net/bettercombat/logic/AnimatedHand
[07Sep2025 00:39:59.968] [Server thread/INFO] [com.teampotato.redirector.Redirector/]: Redirecting net/minecraft/server/commands/AdvancementCommands$Mode
[07Sep2025 00:40:22.611] [dimthread_server_overworld/INFO] [com.teampotato.redirector.Redirector/]: Redirecting alexthw/ars_elemental/common/entity/MermaidEntity$Variants
[07Sep2025 00:40:27.309] [dimthread_server_overworld/INFO] [com.teampotato.redirector.Redirector/]: Redirecting software/bernie/ars_nouveau/geckolib3/core/PlayState
[07Sep2025 00:41:54.248] [Netty Epoll Server IO #7/INFO] [com.teampotato.redirector.Redirector/]: Redirecting net/minecraft/network/chat/LastSeenMessagesValidator$ErrorCondition
[07Sep2025 00:41:54.289] [Server thread/INFO] [net.minecraft.server.MinecraftServer/]: [Adonis_MB: Teleported Adonis_MB to -976.500000, 73.500000, -2077.500000]
[07Sep2025 00:41:58.279] [dimthread_server_overworld/INFO] [com.teampotato.redirector.Redirector/]: Redirecting com/stal111/forbidden_arcanus/common/entity/lostsoul/LostSoul$Variant
[07Sep2025 00:42:02.671] [Worker-Main232/INFO] [com.teampotato.redirector.Redirector/]: Redirecting com/yungnickyoung/minecraft/bettermineshafts/world/generator/pieces/SmallTunnelTurn$TurnDirection
[07Sep2025 00:42:02.672] [Worker-Main232/INFO] [com.teampotato.redirector.Redirector/]: Redirecting com/yungnickyoung/minecraft/bettermineshafts/world/generator/pieces/OreDeposit$OreType
[07Sep2025 00:42:07.835] [dimthread_server_overworld/INFO] [com.teampotato.redirector.Redirector/]: Redirecting net/minecraft/world/entity/animal/axolotl/Axolotl$Variant
[07Sep2025 00:43:13.683] [dimthread_server_overworld/INFO] [com.teampotato.redirector.Redirector/]: Redirecting com/github/L_Ender/lionfishapi/server/animation/AnimationHandler
[07Sep2025 00:45:17.307] [Server thread/INFO] [net.minecraft.server.MinecraftServer/]: [Adonis_MB: Teleported Adonis_MB to -715.500000, 56.500000, -1132.500000]
[07Sep2025 00:45:17.581] [dimthread_server_overworld/WARN] [net.minecraft.world.level.chunk.LevelChunk/]: Block entity sophisticatedbackpacks:backpack @ BlockPos{x=-723, y=56, z=-1131} state Block{sophisticatedbackpacks:copper_backpack}[battery=false,facing=south,left_tank=false,right_tank=false,waterlogged=false] invalid for ticking:
